20
 energy: -47.734976397239 gnorm: 0.380062586420 xtb: 6.6.0 (conda-forge)
C            1.98910000000000        0.13430000000000        0.26100000000000
O            2.57510000000000        0.82640000000000       -0.61360000000000
O            2.30710000000000        0.30580000000000        1.60500000000000
C           -0.49910000000000       -0.54820000000000        0.17210000000000
C           -1.11270000000000        0.47020000000000       -0.83490000000000
C           -0.44530000000000        1.81430000000000       -0.87050000000000
O            0.34750000000000        2.09960000000000       -1.80750000000000
O           -0.72680000000000        2.76110000000000        0.10970000000000
C           -1.31120000000000       -1.81980000000000        0.04520000000000
O           -2.13830000000000       -2.14390000000000        0.94080000000000
O           -1.18240000000000       -2.61960000000000       -1.08840000000000
O           -0.63030000000000       -0.09300000000000        1.50200000000000
H            1.26010000000000       -1.84190000000000        0.38880000000000
H            1.09530000000000       -1.11580000000000       -1.23350000000000
H            2.99040000000000        0.99570000000000        1.89330000000000
H           -2.18310000000000        0.63270000000000       -0.57990000000000
H           -1.09070000000000        0.03920000000000       -1.86090000000000
H           -0.28820000000000        3.67400000000000        0.09130000000000
H           -1.73090000000000       -3.46470000000000       -1.19360000000000
Cl           5.99040000000000        0.00000000000000        0.00000000000000
20
 energy: -47.735879076870 gnorm: 0.380238957502 xtb: 6.6.0 (conda-forge)
C            1.98910000000000        0.13430000000000        0.26100000000000
O            2.57510000000000        0.82640000000000       -0.61360000000000
O            2.30710000000000        0.30580000000000        1.60500000000000
C           -0.49910000000000       -0.54820000000000        0.17210000000000
C           -1.11270000000000        0.47020000000000       -0.83490000000000
C           -0.44530000000000        1.81430000000000       -0.87050000000000
O            0.34750000000000        2.09960000000000       -1.80750000000000
O           -0.72680000000000        2.76110000000000        0.10970000000000
C           -1.31120000000000       -1.81980000000000        0.04520000000000
O           -2.13830000000000       -2.14390000000000        0.94080000000000
O           -1.18240000000000       -2.61960000000000       -1.08840000000000
O           -0.63030000000000       -0.09300000000000        1.50200000000000
H            1.26010000000000       -1.84190000000000        0.38880000000000
H            1.09530000000000       -1.11580000000000       -1.23350000000000
H            2.99040000000000        0.99570000000000        1.89330000000000
H           -2.18310000000000        0.63270000000000       -0.57990000000000
H           -1.09070000000000        0.03920000000000       -1.86090000000000
H           -0.28820000000000        3.67400000000000        0.09130000000000
H           -1.73090000000000       -3.46470000000000       -1.19360000000000
Cl           5.84462688655779        0.00013535202519       -0.00390994346443
20
 energy: -47.737190177692 gnorm: 0.380348800755 xtb: 6.6.0 (conda-forge)
C            1.98910000000000        0.13430000000000        0.26100000000000
O            2.57510000000000        0.82640000000000       -0.61360000000000
O            2.30710000000000        0.30580000000000        1.60500000000000
C           -0.49910000000000       -0.54820000000000        0.17210000000000
C           -1.11270000000000        0.47020000000000       -0.83490000000000
C           -0.44530000000000        1.81430000000000       -0.87050000000000
O            0.34750000000000        2.09960000000000       -1.80750000000000
O           -0.72680000000000        2.76110000000000        0.10970000000000
C           -1.31120000000000       -1.81980000000000        0.04520000000000
O           -2.13830000000000       -2.14390000000000        0.94080000000000
O           -1.18240000000000       -2.61960000000000       -1.08840000000000
O           -0.63030000000000       -0.09300000000000        1.50200000000000
H            1.26010000000000       -1.84190000000000        0.38880000000000
H            1.09530000000000       -1.11580000000000       -1.23350000000000
H            2.99040000000000        0.99570000000000        1.89330000000000
H           -2.18310000000000        0.63270000000000       -0.57990000000000
H           -1.09070000000000        0.03920000000000       -1.86090000000000
H           -0.28820000000000        3.67400000000000        0.09130000000000
H           -1.73090000000000       -3.46470000000000       -1.19360000000000
Cl           5.67533620604581        0.00029254038394       -0.00845067785794
20
 energy: -47.739167917875 gnorm: 0.380064910554 xtb: 6.6.0 (conda-forge)
C            1.98910000000000        0.13430000000000        0.26100000000000
O            2.57510000000000        0.82640000000000       -0.61360000000000
O            2.30710000000000        0.30580000000000        1.60500000000000
C           -0.49910000000000       -0.54820000000000        0.17210000000000
C           -1.11270000000000        0.47020000000000       -0.83490000000000
C           -0.44530000000000        1.81430000000000       -0.87050000000000
O            0.34750000000000        2.09960000000000       -1.80750000000000
O           -0.72680000000000        2.76110000000000        0.10970000000000
C           -1.31120000000000       -1.81980000000000        0.04520000000000
O           -2.13830000000000       -2.14390000000000        0.94080000000000
O           -1.18240000000000       -2.61960000000000       -1.08840000000000
O           -0.63030000000000       -0.09300000000000        1.50200000000000
H            1.26010000000000       -1.84190000000000        0.38880000000000
H            1.09530000000000       -1.11580000000000       -1.23350000000000
H            2.99040000000000        0.99570000000000        1.89330000000000
H           -2.18310000000000        0.63270000000000       -0.57990000000000
H           -1.09070000000000        0.03920000000000       -1.86090000000000
H           -0.28820000000000        3.67400000000000        0.09130000000000
H           -1.73090000000000       -3.46470000000000       -1.19360000000000
Cl           5.46845659432965        0.00048463050094       -0.01399962695187
20
 energy: -47.741969917663 gnorm: 0.378745413284 xtb: 6.6.0 (conda-forge)
C            1.98910000000000        0.13430000000000        0.26100000000000
O            2.57510000000000        0.82640000000000       -0.61360000000000
O            2.30710000000000        0.30580000000000        1.60500000000000
C           -0.49910000000000       -0.54820000000000        0.17210000000000
C           -1.11270000000000        0.47020000000000       -0.83490000000000
C           -0.44530000000000        1.81430000000000       -0.87050000000000
O            0.34750000000000        2.09960000000000       -1.80750000000000
O           -0.72680000000000        2.76110000000000        0.10970000000000
C           -1.31120000000000       -1.81980000000000        0.04520000000000
O           -2.13830000000000       -2.14390000000000        0.94080000000000
O           -1.18240000000000       -2.61960000000000       -1.08840000000000
O           -0.63030000000000       -0.09300000000000        1.50200000000000
H            1.26010000000000       -1.84190000000000        0.38880000000000
H            1.09530000000000       -1.11580000000000       -1.23350000000000
H            2.99040000000000        0.99570000000000        1.89330000000000
H           -2.18310000000000        0.63270000000000       -0.57990000000000
H           -1.09070000000000        0.03920000000000       -1.86090000000000
H           -0.28820000000000        3.67400000000000        0.09130000000000
H           -1.73090000000000       -3.46470000000000       -1.19360000000000
Cl           5.23202689406776        0.00070415821760       -0.02034117197006
20
 energy: -47.745261063952 gnorm: 0.374496442033 xtb: 6.6.0 (conda-forge)
C            1.98910000000000        0.13430000000000        0.26100000000000
O            2.57510000000000        0.82640000000000       -0.61360000000000
O            2.30710000000000        0.30580000000000        1.60500000000000
C           -0.49910000000000       -0.54820000000000        0.17210000000000
C           -1.11270000000000        0.47020000000000       -0.83490000000000
C           -0.44530000000000        1.81430000000000       -0.87050000000000
O            0.34750000000000        2.09960000000000       -1.80750000000000
O           -0.72680000000000        2.76110000000000        0.10970000000000
C           -1.31120000000000       -1.81980000000000        0.04520000000000
O           -2.13830000000000       -2.14390000000000        0.94080000000000
O           -1.18240000000000       -2.61960000000000       -1.08840000000000
O           -0.63030000000000       -0.09300000000000        1.50200000000000
H            1.26010000000000       -1.84190000000000        0.38880000000000
H            1.09530000000000       -1.11580000000000       -1.23350000000000
H            2.99040000000000        0.99570000000000        1.89330000000000
H           -2.18310000000000        0.63270000000000       -0.57990000000000
H           -1.09070000000000        0.03920000000000       -1.86090000000000
H           -0.28820000000000        3.67400000000000        0.09130000000000
H           -1.73090000000000       -3.46470000000000       -1.19360000000000
Cl           4.96306672573767        0.00095389085086       -0.02755525299997
20
 energy: -47.745752505362 gnorm: 0.367733119287 xtb: 6.6.0 (conda-forge)
C            1.98910000000000        0.13430000000000        0.26100000000000
O            2.57510000000000        0.82640000000000       -0.61360000000000
O            2.30710000000000        0.30580000000000        1.60500000000000
C           -0.49910000000000       -0.54820000000000        0.17210000000000
C           -1.11270000000000        0.47020000000000       -0.83490000000000
C           -0.44530000000000        1.81430000000000       -0.87050000000000
O            0.34750000000000        2.09960000000000       -1.80750000000000
O           -0.72680000000000        2.76110000000000        0.10970000000000
C           -1.31120000000000       -1.81980000000000        0.04520000000000
O           -2.13830000000000       -2.14390000000000        0.94080000000000
O           -1.18240000000000       -2.61960000000000       -1.08840000000000
O           -0.63030000000000       -0.09300000000000        1.50200000000000
H            1.26010000000000       -1.84190000000000        0.38880000000000
H            1.09530000000000       -1.11580000000000       -1.23350000000000
H            2.99040000000000        0.99570000000000        1.89330000000000
H           -2.18310000000000        0.63270000000000       -0.57990000000000
H           -1.09070000000000        0.03920000000000       -1.86090000000000
H           -0.28820000000000        3.67400000000000        0.09130000000000
H           -1.73090000000000       -3.46470000000000       -1.19360000000000
Cl           4.74943788260717        0.00115224770744       -0.03328523076671
20
 energy: -47.745978756709 gnorm: 0.371141441858 xtb: 6.6.0 (conda-forge)
C            1.98910000000000        0.13430000000000        0.26100000000000
O            2.57510000000000        0.82640000000000       -0.61360000000000
O            2.30710000000000        0.30580000000000        1.60500000000000
C           -0.49910000000000       -0.54820000000000        0.17210000000000
C           -1.11270000000000        0.47020000000000       -0.83490000000000
C           -0.44530000000000        1.81430000000000       -0.87050000000000
O            0.34750000000000        2.09960000000000       -1.80750000000000
O           -0.72680000000000        2.76110000000000        0.10970000000000
C           -1.31120000000000       -1.81980000000000        0.04520000000000
O           -2.13830000000000       -2.14390000000000        0.94080000000000
O           -1.18240000000000       -2.61960000000000       -1.08840000000000
O           -0.63030000000000       -0.09300000000000        1.50200000000000
H            1.26010000000000       -1.84190000000000        0.38880000000000
H            1.09530000000000       -1.11580000000000       -1.23350000000000
H            2.99040000000000        0.99570000000000        1.89330000000000
H           -2.18310000000000        0.63270000000000       -0.57990000000000
H           -1.09070000000000        0.03920000000000       -1.86090000000000
H           -0.28820000000000        3.67400000000000        0.09130000000000
H           -1.73090000000000       -3.46470000000000       -1.19360000000000
Cl           4.84423177379167        0.00106423048091       -0.03074265795233
20
 energy: -47.746005041809 gnorm: 0.370097731150 xtb: 6.6.0 (conda-forge)
C            1.98910000000000        0.13430000000000        0.26100000000000
O            2.57510000000000        0.82640000000000       -0.61360000000000
O            2.30710000000000        0.30580000000000        1.60500000000000
C           -0.49910000000000       -0.54820000000000        0.17210000000000
C           -1.11270000000000        0.47020000000000       -0.83490000000000
C           -0.44530000000000        1.81430000000000       -0.87050000000000
O            0.34750000000000        2.09960000000000       -1.80750000000000
O           -0.72680000000000        2.76110000000000        0.10970000000000
C           -1.31120000000000       -1.81980000000000        0.04520000000000
O           -2.13830000000000       -2.14390000000000        0.94080000000000
O           -1.18240000000000       -2.61960000000000       -1.08840000000000
O           -0.63030000000000       -0.09300000000000        1.50200000000000
H            1.26010000000000       -1.84190000000000        0.38880000000000
H            1.09530000000000       -1.11580000000000       -1.23350000000000
H            2.99040000000000        0.99570000000000        1.89330000000000
H           -2.18310000000000        0.63270000000000       -0.57990000000000
H           -1.09070000000000        0.03920000000000       -1.86090000000000
H           -0.28820000000000        3.67400000000000        0.09130000000000
H           -1.73090000000000       -3.46470000000000       -1.19360000000000
Cl           4.81293665963525        0.00109328835708       -0.03158205915723
20
 energy: -47.746006790427 gnorm: 0.370317960693 xtb: 6.6.0 (conda-forge)
C            1.98910000000000        0.13430000000000        0.26100000000000
O            2.57510000000000        0.82640000000000       -0.61360000000000
O            2.30710000000000        0.30580000000000        1.60500000000000
C           -0.49910000000000       -0.54820000000000        0.17210000000000
C           -1.11270000000000        0.47020000000000       -0.83490000000000
C           -0.44530000000000        1.81430000000000       -0.87050000000000
O            0.34750000000000        2.09960000000000       -1.80750000000000
O           -0.72680000000000        2.76110000000000        0.10970000000000
C           -1.31120000000000       -1.81980000000000        0.04520000000000
O           -2.13830000000000       -2.14390000000000        0.94080000000000
O           -1.18240000000000       -2.61960000000000       -1.08840000000000
O           -0.63030000000000       -0.09300000000000        1.50200000000000
H            1.26010000000000       -1.84190000000000        0.38880000000000
H            1.09530000000000       -1.11580000000000       -1.23350000000000
H            2.99040000000000        0.99570000000000        1.89330000000000
H           -2.18310000000000        0.63270000000000       -0.57990000000000
H           -1.09070000000000        0.03920000000000       -1.86090000000000
H           -0.28820000000000        3.67400000000000        0.09130000000000
H           -1.73090000000000       -3.46470000000000       -1.19360000000000
Cl           4.81949716315716        0.00108719685353       -0.03140609256597
20
 energy: -47.746006798588 gnorm: 0.370305518699 xtb: 6.6.0 (conda-forge)
C            1.98910000000000        0.13430000000000        0.26100000000000
O            2.57510000000000        0.82640000000000       -0.61360000000000
O            2.30710000000000        0.30580000000000        1.60500000000000
C           -0.49910000000000       -0.54820000000000        0.17210000000000
C           -1.11270000000000        0.47020000000000       -0.83490000000000
C           -0.44530000000000        1.81430000000000       -0.87050000000000
O            0.34750000000000        2.09960000000000       -1.80750000000000
O           -0.72680000000000        2.76110000000000        0.10970000000000
C           -1.31120000000000       -1.81980000000000        0.04520000000000
O           -2.13830000000000       -2.14390000000000        0.94080000000000
O           -1.18240000000000       -2.61960000000000       -1.08840000000000
O           -0.63030000000000       -0.09300000000000        1.50200000000000
H            1.26010000000000       -1.84190000000000        0.38880000000000
H            1.09530000000000       -1.11580000000000       -1.23350000000000
H            2.99040000000000        0.99570000000000        1.89330000000000
H           -2.18310000000000        0.63270000000000       -0.57990000000000
H           -1.09070000000000        0.03920000000000       -1.86090000000000
H           -0.28820000000000        3.67400000000000        0.09130000000000
H           -1.73090000000000       -3.46470000000000       -1.19360000000000
Cl           4.81910260055622        0.00108756320948       -0.03141667557011
